[35m[Appium][39m Welcome to Appium v1.16.0
[35m[Appium][39m Non-default server args:
[35m[Appium][39m   port: 59349
[35m[Appium][39m   loglevel: info
[35m[Appium][39m   chromeDriverPort: 59350
[35m[Appium][39m   tmpDir: C:\Users\KRISHN~1\AppData\Local\Temp\\Katalon\Appium\Temp1583992605628
[35m[Appium][39m Appium REST http interface listener started on 0.0.0.0:59349
[35m[HTTP][39m [37m-->[39m [37mGET[39m [37m/wd/hub/status[39m
[35m[HTTP][39m [90m{}[39m
[35m[HTTP][39m [37m<-- GET /wd/hub/status [39m[32m200[39m [90m6 ms - 68[39m
[35m[HTTP][39m [90m[39m
[35m[HTTP][39m [37m-->[39m [37mGET[39m [37m/wd/hub/status[39m
[35m[HTTP][39m [90m{}[39m
[35m[HTTP][39m [37m<-- GET /wd/hub/status [39m[32m200[39m [90m1 ms - 68[39m
[35m[HTTP][39m [90m[39m
[35m[HTTP][39m [37m-->[39m [37mPOST[39m [37m/wd/hub/session[39m
[35m[HTTP][39m [90m{"desiredCapabilities":{"app":"C:\\Users\\Krishna Choudhary\\Downloads\\nu.bi.wrap1-1-1-4.0.0-standard-debug-805.apk","noReset":true,"appWaitActivity":"*","deviceId":"emulator-5554","deviceName":"emulator-5554 (Android SDK built for x86 - Android 10)","fullReset":false,"platform":"ANDROID","newCommandTimeout":1800,"platformVersion":"10","automationName":"uiautomator2","autoGrantPermissions":true,"platformName":"Android","udid":"emulator-5554","systemPort":59405},"capabilities":{"firstMatch":[{"appium:app":"C:\\Users\\Krishna Choudhary\\Downloads\\nu.bi.wrap1-1-1-4.0.0-standard-debug-805.apk","appium:appWaitActivity":"*","appium:autoGrantPermissions":true,"appium:automationName":"uiautomator2","deviceId":"emulator-5554","appium:deviceName":"emulator-5554 (Android SDK built for x86 - Android 10)","appium:fullReset":false,"appium:newCommandTimeout":1800,"appium:noReset":true,"platform":"ANDROID","platformName":"android","appium:platformVersion":"10","appium:systemPort":59405,"appium:udid"[39m
[35m[BaseDriver][39m The capabilities ["deviceId","platform"] are not standard capabilities and should have an extension prefix
[35m[Appium][39m Appium v1.16.0 creating new AndroidUiautomator2Driver (v1.40.0) session
[35m[BaseDriver][39m The following capabilities were provided, but are not recognized by Appium:
[35m[BaseDriver][39m   deviceId
[35m[BaseDriver][39m   platform
[35m[BaseDriver][39m Session created with session id: 2d944f12-ea86-4f42-babd-9ccddbee7c1d
[35m[BaseDriver][39m Using local app 'C:\Users\Krishna Choudhary\Downloads\nu.bi.wrap1-1-1-4.0.0-standard-debug-805.apk'
[35m[ADB][39m Found 1 'build-tools' folders under 'C:\Users\Krishna Choudhary\.katalon\tools\android_sdk' (newest first):
[35m[ADB][39m     C:/Users/Krishna Choudhary/.katalon/tools/android_sdk/build-tools/29.0.2
[35m[ADB][39m Using 'adb.exe' from 'C:\Users\Krishna Choudhary\.katalon\tools\android_sdk\platform-tools\adb.exe'
[35m[AndroidDriver][39m Retrieving device list
[35m[AndroidDriver][39m Using device: emulator-5554
[35m[ADB][39m Using 'adb.exe' from 'C:\Users\Krishna Choudhary\.katalon\tools\android_sdk\platform-tools\adb.exe'
[35m[UiAutomator2][39m Relaxing hidden api policy
[35m[ADB][39m Package name: 'nu.bi.wrap1.dbg'
[35m[ADB][39m Main activity name: 'nu.bi.binuapp.MainActivity'
[35m[ADB][39m Using 'apksigner.bat' from 'C:\Users\Krishna Choudhary\.katalon\tools\android_sdk\build-tools\29.0.2\apksigner.bat'
[35m[UiAutomator2][39m Server packages are not going to be (re)installed
[35m[UiAutomator2][39m Starting UIAutomator2 server 4.5.2
[35m[UiAutomator2][39m Using UIAutomator2 server from 'C:\Users\Krishna Choudhary\AppData\Roaming\npm\node_modules\appium\node_modules\appium-uiautomator2-server\apks\appium-uiautomator2-server-v4.5.2.apk' and test from 'C:\Users\Krishna Choudhary\AppData\Roaming\npm\node_modules\appium\node_modules\appium-uiautomator2-server\apks\appium-uiautomator2-server-debug-androidTest.apk'
[35m[UiAutomator2][39m Waiting up to 30000ms for UiAutomator2 to be online...
[35m[WD Proxy][39m Got an unexpected response with status undefined: {"code":"ECONNRESET"}
[35m[WD Proxy][39m Got an unexpected response with status undefined: {"code":"ECONNRESET"}
[35m[WD Proxy][39m Determined the downstream protocol as 'W3C'
[35m[AndroidDriver][39m Screen already unlocked, doing nothing
[35m[UiAutomator2][39m Starting 'nu.bi.wrap1.dbg/nu.bi.binuapp.MainActivity and waiting for 'nu.bi.wrap1.dbg/*'
[35m[Appium][39m New AndroidUiautomator2Driver session created successfully, session 2d944f12-ea86-4f42-babd-9ccddbee7c1d added to master session list
[35m[HTTP][39m [37m<-- POST /wd/hub/session [39m[32m200[39m [90m26606 ms - 1418[39m
[35m[HTTP][39m [90m[39m
[35m[HTTP][39m [37m-->[39m [37mGET[39m [37m/wd/hub/session/2d944f12-ea86-4f42-babd-9ccddbee7c1d[39m
[35m[HTTP][39m [90m{}[39m
[35m[HTTP][39m [37m<-- GET /wd/hub/session/2d944f12-ea86-4f42-babd-9ccddbee7c1d [39m[32m200[39m [90m26 ms - 1350[39m
[35m[HTTP][39m [90m[39m
[35m[HTTP][39m [37m-->[39m [37mGET[39m [37m/wd/hub/session/2d944f12-ea86-4f42-babd-9ccddbee7c1d[39m
[35m[HTTP][39m [90m{}[39m
[35m[HTTP][39m [37m<-- GET /wd/hub/session/2d944f12-ea86-4f42-babd-9ccddbee7c1d [39m[32m200[39m [90m30 ms - 1350[39m
[35m[HTTP][39m [90m[39m
[35m[HTTP][39m [37m-->[39m [37mGET[39m [37m/wd/hub/status[39m
[35m[HTTP][39m [90m{}[39m
[35m[HTTP][39m [37m<-- GET /wd/hub/status [39m[32m200[39m [90m2 ms - 68[39m
[35m[HTTP][39m [90m[39m
[35m[HTTP][39m [37m-->[39m [37mPOST[39m [37m/wd/hub/session/2d944f12-ea86-4f42-babd-9ccddbee7c1d/timeouts[39m
[35m[HTTP][39m [90m{"implicit":60000}[39m
[35m[HTTP][39m [37m<-- POST /wd/hub/session/2d944f12-ea86-4f42-babd-9ccddbee7c1d/timeouts [39m[32m200[39m [90m7 ms - 14[39m
[35m[HTTP][39m [90m[39m
[35m[HTTP][39m [37m-->[39m [37mGET[39m [37m/wd/hub/session/2d944f12-ea86-4f42-babd-9ccddbee7c1d/source[39m
[35m[HTTP][39m [90m{}[39m
[35m[W3C (2d944f12)][39m Driver proxy active, passing request on via HTTP proxy
[35m[WD Proxy][39m Replacing sessionId 4f58aa38-cdd4-4d66-af3f-0e419a6c84f7 with 2d944f12-ea86-4f42-babd-9ccddbee7c1d
[35m[HTTP][39m [37m<-- GET /wd/hub/session/2d944f12-ea86-4f42-babd-9ccddbee7c1d/source [39m[32m200[39m [90m860 ms - 6978[39m
[35m[HTTP][39m [90m[39m
[35m[HTTP][39m [37m-->[39m [37mGET[39m [37m/wd/hub/session/2d944f12-ea86-4f42-babd-9ccddbee7c1d/screenshot[39m
[35m[HTTP][39m [90m{}[39m
[35m[HTTP][39m [37m<-- GET /wd/hub/session/2d944f12-ea86-4f42-babd-9ccddbee7c1d/screenshot [39m[32m200[39m [90m693 ms - 88486[39m
[35m[HTTP][39m [90m[39m
[35m[HTTP][39m [37m-->[39m [37mGET[39m [37m/wd/hub/session/2d944f12-ea86-4f42-babd-9ccddbee7c1d/source[39m
[35m[HTTP][39m [90m{}[39m
[35m[W3C (2d944f12)][39m Driver proxy active, passing request on via HTTP proxy
[35m[WD Proxy][39m Replacing sessionId 4f58aa38-cdd4-4d66-af3f-0e419a6c84f7 with 2d944f12-ea86-4f42-babd-9ccddbee7c1d
[35m[HTTP][39m [37m<-- GET /wd/hub/session/2d944f12-ea86-4f42-babd-9ccddbee7c1d/source [39m[32m200[39m [90m383 ms - 23713[39m
[35m[HTTP][39m [90m[39m
[35m[HTTP][39m [37m-->[39m [37mGET[39m [37m/wd/hub/session/2d944f12-ea86-4f42-babd-9ccddbee7c1d/screenshot[39m
[35m[HTTP][39m [90m{}[39m
[35m[HTTP][39m [37m<-- GET /wd/hub/session/2d944f12-ea86-4f42-babd-9ccddbee7c1d/screenshot [39m[32m200[39m [90m547 ms - 212526[39m
[35m[HTTP][39m [90m[39m
[35m[HTTP][39m [37m-->[39m [37mDELETE[39m [37m/wd/hub/session/2d944f12-ea86-4f42-babd-9ccddbee7c1d[39m
[35m[HTTP][39m [90m{}[39m
[35m[Appium][39m Removing session 2d944f12-ea86-4f42-babd-9ccddbee7c1d from our master session list
[35m[UiAutomator2][39m Restoring hidden api policy to the device default configuration
[35m[HTTP][39m [37m<-- DELETE /wd/hub/session/2d944f12-ea86-4f42-babd-9ccddbee7c1d [39m[32m200[39m [90m1762 ms - 14[39m
[35m[HTTP][39m [90m[39m
